2022-07-05 12:27:28.216 - INFO - 7793 - azureml.train.automl._experiment_drivers.driver_utilities.modify_run_configuration:221 - Package azureml-train-automl missing from dependencies file.
2022-07-05 12:27:28.217 - INFO - 7793 - azureml.train.automl._experiment_drivers.driver_utilities.modify_run_configuration:227 - Using pinned version: azureml-train-automl==1.42.0.*
2022-07-05 12:27:28.225 - INFO - 7793 - azureml.train.automl._experiment_drivers.driver_utilities.modify_run_configuration:221 - Package pandas missing from dependencies file.
2022-07-05 12:27:28.225 - INFO - 7793 - azureml.train.automl._experiment_drivers.driver_utilities.modify_run_configuration:227 - Using pinned version: pandas==1.1.5
2022-07-05 12:27:28.225 - INFO - 7793 - azureml.train.automl._experiment_drivers.driver_utilities.modify_run_configuration:221 - Package psutil missing from dependencies file.
2022-07-05 12:27:28.225 - INFO - 7793 - azureml.train.automl._experiment_drivers.driver_utilities.modify_run_configuration:227 - Using pinned version: psutil>5.0.0,<6.0.0
2022-07-05 12:27:28.226 - INFO - 7793 - azureml.train.automl._experiment_drivers.driver_utilities.modify_run_configuration:221 - Package scikit-learn missing from dependencies file.
2022-07-05 12:27:28.226 - INFO - 7793 - azureml.train.automl._experiment_drivers.driver_utilities.modify_run_configuration:227 - Using pinned version: scikit-learn==0.22.1
2022-07-05 12:27:28.226 - INFO - 7793 - azureml.train.automl._experiment_drivers.driver_utilities.modify_run_configuration:221 - Package numpy missing from dependencies file.
2022-07-05 12:27:28.226 - INFO - 7793 - azureml.train.automl._experiment_drivers.driver_utilities.modify_run_configuration:227 - Using pinned version: numpy~=1.18.0
2022-07-05 12:27:28.227 - INFO - 7793 - azureml.train.automl._experiment_drivers.driver_utilities.modify_run_configuration:221 - Package py-xgboost missing from dependencies file.
2022-07-05 12:27:28.227 - INFO - 7793 - azureml.train.automl._experiment_drivers.driver_utilities.modify_run_configuration:227 - Using pinned version: py-xgboost==1.3.3
2022-07-05 12:27:28.227 - INFO - 7793 - azureml.train.automl._experiment_drivers.driver_utilities.modify_run_configuration:221 - Package inference-schema missing from dependencies file.
2022-07-05 12:27:28.233 - INFO - 7793 - azureml.train.automl._experiment_drivers.driver_utilities.modify_run_configuration:231 - Using installed version: inference-schema==1.3.0
2022-07-05 12:27:28.234 - INFO - 7793 - azureml.train.automl._experiment_drivers.driver_utilities.modify_run_configuration:221 - Package fbprophet missing from dependencies file.
2022-07-05 12:27:28.234 - INFO - 7793 - azureml.train.automl._experiment_drivers.driver_utilities.modify_run_configuration:227 - Using pinned version: fbprophet==0.7.1
2022-07-05 12:27:28.234 - INFO - 7793 - azureml.train.automl._experiment_drivers.driver_utilities.modify_run_configuration:221 - Package holidays missing from dependencies file.
2022-07-05 12:27:28.234 - INFO - 7793 - azureml.train.automl._experiment_drivers.driver_utilities.modify_run_configuration:227 - Using pinned version: holidays==0.10.3
2022-07-05 12:27:28.235 - INFO - 7793 - azureml.train.automl._experiment_drivers.driver_utilities.modify_run_configuration:221 - Package joblib missing from dependencies file.
2022-07-05 12:27:28.235 - INFO - 7793 - azureml.train.automl._experiment_drivers.driver_utilities.modify_run_configuration:227 - Using pinned version: joblib==0.14.1
2022-07-05 12:27:28.235 - INFO - 7793 - azureml.train.automl._experiment_drivers.driver_utilities.modify_run_configuration:221 - Package pystan missing from dependencies file.
2022-07-05 12:27:28.236 - INFO - 7793 - azureml.train.automl._experiment_drivers.driver_utilities.modify_run_configuration:227 - Using pinned version: pystan==2.19.1.1
2022-07-05 12:27:28.236 - INFO - 7793 - azureml.train.automl._experiment_drivers.driver_utilities.modify_run_configuration:221 - Package setuptools-git missing from dependencies file.
2022-07-05 12:27:28.236 - INFO - 7793 - azureml.train.automl._experiment_drivers.driver_utilities.modify_run_configuration:231 - Using installed version: setuptools-git==1.2
2022-07-05 12:27:28.236 - INFO - 7793 - azureml.train.automl._experiment_drivers.driver_utilities.modify_run_configuration:221 - Package urllib3 missing from dependencies file.
2022-07-05 12:27:28.236 - INFO - 7793 - azureml.train.automl._experiment_drivers.driver_utilities.modify_run_configuration:231 - Using installed version: urllib3==1.26.9
2022-07-05 12:27:28.237 - INFO - 7793 - azureml.train.automl._experiment_drivers.driver_utilities.modify_run_configuration:221 - Package azure-core missing from dependencies file.
2022-07-05 12:27:28.237 - INFO - 7793 - azureml.train.automl._experiment_drivers.driver_utilities.modify_run_configuration:231 - Using installed version: azure-core==1.22.1
2022-07-05 12:27:28.238 - INFO - 7793 - azureml.automl.core.dataset_utilities._save_datasets_to_json:236 - JSON serialization of input of type <class 'NoneType'> is un-supported.
2022-07-05 12:27:28.238 - INFO - 7793 - azureml.automl.core.dataset_utilities._save_datasets_to_json:236 - JSON serialization of input of type <class 'NoneType'> is un-supported.
2022-07-05 12:27:28.239 - INFO - 7793 - azureml.train.automl._experiment_drivers.driver_utilities.validate_input:124 - Start data validation.
2022-07-05 12:27:30.446 - INFO - 7793 - azureml.train.automl._experiment_drivers.driver_utilities.validate_input:137 - Validation service found the data has no errors.
2022-07-05 12:27:30.448 - INFO - 7793 - azureml.train.automl._experiment_drivers.driver_utilities.create_remote_parent_run:381 - Start creating parent run.
2022-07-05 12:27:30.751 - INFO - 7793 - azureml.train.automl._experiment_drivers.driver_utilities.create_remote_parent_run:401 - [ParentRunID:AutoML_c94e38b8-3c3a-4db6-a8f3-be5362cb1758] Remote run using input X and y.
2022-07-05 12:27:31.174 - INFO - 7793 - azureml.train.automl._experiment_drivers.driver_utilities.start_remote_run:336 - Starting a snapshot run (snapshot_id : None)
